<?xml version="1.0" encoding="UTF-8"?>
<testng-results ignored="0" total="1" passed="1" failed="0" skipped="0">
  <reporter-output>
  </reporter-output>
  <suite started-at="2023-04-21T12:39:33 CEST" name="Surefire suite" finished-at="2023-04-21T12:40:01 CEST" duration-ms="28258">
    <groups>
    </groups>
    <test started-at="2023-04-21T12:39:33 CEST" name="Surefire test" finished-at="2023-04-21T12:40:01 CEST" duration-ms="28258">
      <class name="com.gmailtest.test.MailTest">
        <test-method is-config="true" signature="setUp()[pri:0, instance:com.gmailtest.test.MailTest@49cb9cb5]" started-at="2023-04-21T12:39:33 CEST" name="setUp" finished-at="2023-04-21T12:39:36 CEST" duration-ms="2776" status="PASS">
          <reporter-output>
          </reporter-output>
        </test-method> <!-- setUp -->
        <test-method signature="saveDraftEmailTest()[pri:2, instance:com.gmailtest.test.MailTest@49cb9cb5]" started-at="2023-04-21T12:39:36 CEST" name="saveDraftEmailTest" finished-at="2023-04-21T12:40:01 CEST" duration-ms="25453" status="PASS">
          <reporter-output>
          </reporter-output>
        </test-method> <!-- saveDraftEmailTest -->
      </class> <!-- com.gmailtest.test.MailTest -->
    </test> <!-- Surefire test -->
  </suite> <!-- Surefire suite -->
</testng-results>
