<?xml version="1.0" encoding="UTF-8"?>
<testng-results ignored="0" total="1" passed="1" failed="0" skipped="0">
  <reporter-output>
  </reporter-output>
  <suite started-at="2023-03-06T11:22:37Z" name="Surefire suite" finished-at="2023-03-06T11:23:04Z" duration-ms="26580">
    <groups>
    </groups>
    <test started-at="2023-03-06T11:22:37Z" name="Surefire test" finished-at="2023-03-06T11:23:04Z" duration-ms="26580">
      <class name="tests.TestCalculation">
        <test-method is-config="true" signature="setUpDriver()[pri:0, instance:tests.TestCalculation@43b9fd5]" started-at="2023-03-06T11:22:37Z" name="setUpDriver" finished-at="2023-03-06T11:22:41Z" duration-ms="3716" status="PASS">
          <reporter-output>
          </reporter-output>
        </test-method> <!-- setUpDriver -->
        <test-method signature="culculateCloudPricingTest()[pri:0, instance:tests.TestCalculation@43b9fd5]" started-at="2023-03-06T11:22:41Z" name="culculateCloudPricingTest" finished-at="2023-03-06T11:23:04Z" duration-ms="22849" status="PASS">
          <reporter-output>
          </reporter-output>
        </test-method> <!-- culculateCloudPricingTest -->
      </class> <!-- tests.TestCalculation -->
    </test> <!-- Surefire test -->
  </suite> <!-- Surefire suite -->
</testng-results>
