<?xml version="1.0" encoding="UTF-8"?>
<testng-results ignored="0" total="1" passed="1" failed="0" skipped="0">
  <reporter-output>
  </reporter-output>
  <suite started-at="2023-03-14T14:53:51Z" name="Surefire suite" finished-at="2023-03-14T14:54:06Z" duration-ms="15090">
    <groups>
    </groups>
    <test started-at="2023-03-14T14:53:51Z" name="Surefire test" finished-at="2023-03-14T14:54:06Z" duration-ms="15090">
      <class name="tests.TestCalculation">
        <test-method is-config="true" signature="setUpDriver()[pri:0, instance:tests.TestCalculation@43b9fd5]" started-at="2023-03-14T14:53:51Z" name="setUpDriver" finished-at="2023-03-14T14:53:54Z" duration-ms="2612" status="PASS">
          <reporter-output>
          </reporter-output>
        </test-method> <!-- setUpDriver -->
        <test-method signature="culculateCloudPricingTest()[pri:0, instance:tests.TestCalculation@43b9fd5]" started-at="2023-03-14T14:53:54Z" name="culculateCloudPricingTest" finished-at="2023-03-14T14:54:06Z" duration-ms="12302" status="PASS">
          <reporter-output>
          </reporter-output>
        </test-method> <!-- culculateCloudPricingTest -->
        <test-method is-config="true" signature="stopBrowser()[pri:0, instance:tests.TestCalculation@43b9fd5]" started-at="2023-03-14T14:54:06Z" name="stopBrowser" finished-at="2023-03-14T14:54:06Z" duration-ms="159" status="PASS">
          <reporter-output>
          </reporter-output>
        </test-method> <!-- stopBrowser -->
      </class> <!-- tests.TestCalculation -->
    </test> <!-- Surefire test -->
  </suite> <!-- Surefire suite -->
</testng-results>
